<?xml version="1.0" encoding="UTF-8"?>
<!-- Generated by org.testng.reporters.JUnitReportReporter -->
<testsuite hostname="DESKTOP-DG0GUJA" failures="0" tests="1" name="delllive_Project.Registration" time="227.423" errors="0" timestamp="2022-04-21T21:16:28 PDT" skipped="0">
  <testcase classname="delllive_Project.Registration" name="Registration" time="227.423"/>
  <system-out/>
</testsuite> <!-- delllive_Project.Registration -->
